The following packages should be updated for best compatibility with the installed expo version:
  expo@54.0.33 - expected version: ~54.0.35
  expo-font@14.0.11 - expected version: ~14.0.12
  expo-linking@8.0.11 - expected version: ~8.0.12
  expo-router@6.0.23 - expected version: ~6.0.24
  expo-web-browser@15.0.10 - expected version: ~15.0.11
Your project may not work correctly until you install the expected versions of the packages.
"shadow*" style props are deprecated. Use "boxShadow".
λ  WARN  [Layout children]: No route named "ai" exists in nested children: [ 'ai/index', 'game', 'lab', 'settings/index', 'tools' ] 
  console.warn (D:\STUDY\game\my ziyan LifeOS\LifeOS\node_modules\expo\node_modules\@expo\cli\src\start\server\serverLogLikeMetro.ts:161:21)
  map (D:\STUDY\game\my ziyan LifeOS\LifeOS\node_modules\expo-router\build\useScreens.js:69:21)
  getSortedChildren (D:\STUDY\game\my ziyan LifeOS\LifeOS\node_modules\expo-router\build\useScreens.js:62:10)
  useSortedScreens (D:\STUDY\game\my ziyan LifeOS\LifeOS\node_modules\expo-router\build\useScreens.js:121:38)
  Component (D:\STUDY\game\my ziyan LifeOS\LifeOS\node_modules\expo-router\build\layouts\withLayoutContext.js:151:57)
  Object.callComponentInDEV [as react-stack-bottom-frame] (D:\STUDY\game\my ziyan LifeOS\LifeOS\node_modules\react-dom\cjs\react-dom-server-legacy.node.development.js:8970:18)
  renderWithHooks (D:\STUDY\game\my ziyan LifeOS\LifeOS\node_modules\react-dom\cjs\react-dom-server-legacy.node.development.js:4699:19)
  run (D:\STUDY\game\my ziyan LifeOS\LifeOS\node_modules\react-dom\cjs\react-dom-server-legacy.node.development.js:5539:39)
  retryNode (D:\STUDY\game\my ziyan LifeOS\LifeOS\node_modules\react-dom\cjs\react-dom-server-legacy.node.development.js:5899:31)
λ  WARN  [Layout children]: No route named "settings" exists in nested children: [ 'ai/index', 'game', 'lab', 'settings/index', 'tools' ] 
  console.warn (D:\STUDY\game\my ziyan LifeOS\LifeOS\node_modules\expo\node_modules\@expo\cli\src\start\server\serverLogLikeMetro.ts:161:21)
  map (D:\STUDY\game\my ziyan LifeOS\LifeOS\node_modules\expo-router\build\useScreens.js:69:21)
  getSortedChildren (D:\STUDY\game\my ziyan LifeOS\LifeOS\node_modules\expo-router\build\useScreens.js:62:10)
  useSortedScreens (D:\STUDY\game\my ziyan LifeOS\LifeOS\node_modules\expo-router\build\useScreens.js:121:38)
  Component (D:\STUDY\game\my ziyan LifeOS\LifeOS\node_modules\expo-router\build\layouts\withLayoutContext.js:151:57)
  Object.callComponentInDEV [as react-stack-bottom-frame] (D:\STUDY\game\my ziyan LifeOS\LifeOS\node_modules\react-dom\cjs\react-dom-server-legacy.node.development.js:8970:18)
  renderWithHooks (D:\STUDY\game\my ziyan LifeOS\LifeOS\node_modules\react-dom\cjs\react-dom-server-legacy.node.development.js:4699:19)
  run (D:\STUDY\game\my ziyan LifeOS\LifeOS\node_modules\react-dom\cjs\react-dom-server-legacy.node.development.js:5539:39)
  retryNode (D:\STUDY\game\my ziyan LifeOS\LifeOS\node_modules\react-dom\cjs\react-dom-server-legacy.node.development.js:5899:31)
λ  WARN  props.pointerEvents is deprecated. Use style.pointerEvents 
  console.warn (D:\STUDY\game\my ziyan LifeOS\LifeOS\node_modules\expo\node_modules\@expo\cli\src\start\server\serverLogLikeMetro.ts:161:21)
  warnOnce (D:\STUDY\game\my ziyan LifeOS\LifeOS\node_modules\react-native-web\dist\modules\warnOnce\index.js:24:13)
  createDOMProps (D:\STUDY\game\my ziyan LifeOS\LifeOS\node_modules\react-native-web\dist\modules\createDOMProps\index.js:805:13)
  createElement (D:\STUDY\game\my ziyan LifeOS\LifeOS\node_modules\react-native-web\dist\exports\createElement\index.js:23:32)
  Component (D:\STUDY\game\my ziyan LifeOS\LifeOS\node_modules\react-native-web\dist\exports\View\index.js:111:23)
  Object.callComponentInDEV [as react-stack-bottom-frame] (D:\STUDY\game\my ziyan LifeOS\LifeOS\node_modules\react-dom\cjs\react-dom-server-legacy.node.development.js:8970:18)
  renderWithHooks (D:\STUDY\game\my ziyan LifeOS\LifeOS\node_modules\react-dom\cjs\react-dom-server-legacy.node.development.js:4699:19)
  run (D:\STUDY\game\my ziyan LifeOS\LifeOS\node_modules\react-dom\cjs\react-dom-server-legacy.node.development.js:5539:39)
  retryNode (D:\STUDY\game\my ziyan LifeOS\LifeOS\node_modules\react-dom\cjs\react-dom-server-legacy.node.development.js:5899:31)
  renderNodeDestructive (D:\STUDY\game\my ziyan LifeOS\LifeOS\node_modules\react-dom\cjs\react-dom-server-legacy.node.development.js:5849:11)
"shadow*" style props are deprecated. Use "boxShadow".
λ  WARN  [Layout children]: No route named "ai" exists in nested children: [ 'ai/index', 'game', 'lab', 'settings/index', 'tools' ] 
  console.warn (D:\STUDY\game\my ziyan LifeOS\LifeOS\node_modules\expo\node_modules\@expo\cli\src\start\server\serverLogLikeMetro.ts:161:21)
  map (D:\STUDY\game\my ziyan LifeOS\LifeOS\node_modules\expo-router\build\useScreens.js:69:21)
  getSortedChildren (D:\STUDY\game\my ziyan LifeOS\LifeOS\node_modules\expo-router\build\useScreens.js:62:10)
  useSortedScreens (D:\STUDY\game\my ziyan LifeOS\LifeOS\node_modules\expo-router\build\useScreens.js:121:38)
  Component (D:\STUDY\game\my ziyan LifeOS\LifeOS\node_modules\expo-router\build\layouts\withLayoutContext.js:151:57)
  Object.callComponentInDEV [as react-stack-bottom-frame] (D:\STUDY\game\my ziyan LifeOS\LifeOS\node_modules\react-dom\cjs\react-dom-server-legacy.node.development.js:8970:18)
  renderWithHooks (D:\STUDY\game\my ziyan LifeOS\LifeOS\node_modules\react-dom\cjs\react-dom-server-legacy.node.development.js:4699:19)
  run (D:\STUDY\game\my ziyan LifeOS\LifeOS\node_modules\react-dom\cjs\react-dom-server-legacy.node.development.js:5539:39)
  retryNode (D:\STUDY\game\my ziyan LifeOS\LifeOS\node_modules\react-dom\cjs\react-dom-server-legacy.node.development.js:5899:31)
λ  WARN  [Layout children]: No route named "settings" exists in nested children: [ 'ai/index', 'game', 'lab', 'settings/index', 'tools' ] 
  console.warn (D:\STUDY\game\my ziyan LifeOS\LifeOS\node_modules\expo\node_modules\@expo\cli\src\start\server\serverLogLikeMetro.ts:161:21)
  map (D:\STUDY\game\my ziyan LifeOS\LifeOS\node_modules\expo-router\build\useScreens.js:69:21)
  getSortedChildren (D:\STUDY\game\my ziyan LifeOS\LifeOS\node_modules\expo-router\build\useScreens.js:62:10)
  useSortedScreens (D:\STUDY\game\my ziyan LifeOS\LifeOS\node_modules\expo-router\build\useScreens.js:121:38)
  Component (D:\STUDY\game\my ziyan LifeOS\LifeOS\node_modules\expo-router\build\layouts\withLayoutContext.js:151:57)
  Object.callComponentInDEV [as react-stack-bottom-frame] (D:\STUDY\game\my ziyan LifeOS\LifeOS\node_modules\react-dom\cjs\react-dom-server-legacy.node.development.js:8970:18)
  renderWithHooks (D:\STUDY\game\my ziyan LifeOS\LifeOS\node_modules\react-dom\cjs\react-dom-server-legacy.node.development.js:4699:19)
  run (D:\STUDY\game\my ziyan LifeOS\LifeOS\node_modules\react-dom\cjs\react-dom-server-legacy.node.development.js:5539:39)
  retryNode (D:\STUDY\game\my ziyan LifeOS\LifeOS\node_modules\react-dom\cjs\react-dom-server-legacy.node.development.js:5899:31)
λ  WARN  props.pointerEvents is deprecated. Use style.pointerEvents 
  console.warn (D:\STUDY\game\my ziyan LifeOS\LifeOS\node_modules\expo\node_modules\@expo\cli\src\start\server\serverLogLikeMetro.ts:161:21)
  warnOnce (D:\STUDY\game\my ziyan LifeOS\LifeOS\node_modules\react-native-web\dist\modules\warnOnce\index.js:24:13)
  createDOMProps (D:\STUDY\game\my ziyan LifeOS\LifeOS\node_modules\react-native-web\dist\modules\createDOMProps\index.js:805:13)
  createElement (D:\STUDY\game\my ziyan LifeOS\LifeOS\node_modules\react-native-web\dist\exports\createElement\index.js:23:32)
  Component (D:\STUDY\game\my ziyan LifeOS\LifeOS\node_modules\react-native-web\dist\exports\View\index.js:111:23)
  Object.callComponentInDEV [as react-stack-bottom-frame] (D:\STUDY\game\my ziyan LifeOS\LifeOS\node_modules\react-dom\cjs\react-dom-server-legacy.node.development.js:8970:18)
  renderWithHooks (D:\STUDY\game\my ziyan LifeOS\LifeOS\node_modules\react-dom\cjs\react-dom-server-legacy.node.development.js:4699:19)
  run (D:\STUDY\game\my ziyan LifeOS\LifeOS\node_modules\react-dom\cjs\react-dom-server-legacy.node.development.js:5539:39)
  retryNode (D:\STUDY\game\my ziyan LifeOS\LifeOS\node_modules\react-dom\cjs\react-dom-server-legacy.node.development.js:5899:31)
  renderNodeDestructive (D:\STUDY\game\my ziyan LifeOS\LifeOS\node_modules\react-dom\cjs\react-dom-server-legacy.node.development.js:5849:11)
"shadow*" style props are deprecated. Use "boxShadow".
λ  WARN  [Layout children]: No route named "ai" exists in nested children: [ 'ai/index', 'game', 'lab', 'settings/index', 'tools' ] 
  console.warn (D:\STUDY\game\my ziyan LifeOS\LifeOS\node_modules\expo\node_modules\@expo\cli\src\start\server\serverLogLikeMetro.ts:161:21)
  map (D:\STUDY\game\my ziyan LifeOS\LifeOS\node_modules\expo-router\build\useScreens.js:69:21)
  getSortedChildren (D:\STUDY\game\my ziyan LifeOS\LifeOS\node_modules\expo-router\build\useScreens.js:62:10)
  useSortedScreens (D:\STUDY\game\my ziyan LifeOS\LifeOS\node_modules\expo-router\build\useScreens.js:121:38)
  Component (D:\STUDY\game\my ziyan LifeOS\LifeOS\node_modules\expo-router\build\layouts\withLayoutContext.js:151:57)
  Object.callComponentInDEV [as react-stack-bottom-frame] (D:\STUDY\game\my ziyan LifeOS\LifeOS\node_modules\react-dom\cjs\react-dom-server-legacy.node.development.js:8970:18)
  renderWithHooks (D:\STUDY\game\my ziyan LifeOS\LifeOS\node_modules\react-dom\cjs\react-dom-server-legacy.node.development.js:4699:19)
  run (D:\STUDY\game\my ziyan LifeOS\LifeOS\node_modules\react-dom\cjs\react-dom-server-legacy.node.development.js:5539:39)
  retryNode (D:\STUDY\game\my ziyan LifeOS\LifeOS\node_modules\react-dom\cjs\react-dom-server-legacy.node.development.js:5899:31)
λ  WARN  [Layout children]: No route named "settings" exists in nested children: [ 'ai/index', 'game', 'lab', 'settings/index', 'tools' ] 
  console.warn (D:\STUDY\game\my ziyan LifeOS\LifeOS\node_modules\expo\node_modules\@expo\cli\src\start\server\serverLogLikeMetro.ts:161:21)
  map (D:\STUDY\game\my ziyan LifeOS\LifeOS\node_modules\expo-router\build\useScreens.js:69:21)
  getSortedChildren (D:\STUDY\game\my ziyan LifeOS\LifeOS\node_modules\expo-router\build\useScreens.js:62:10)
  useSortedScreens (D:\STUDY\game\my ziyan LifeOS\LifeOS\node_modules\expo-router\build\useScreens.js:121:38)
  Component (D:\STUDY\game\my ziyan LifeOS\LifeOS\node_modules\expo-router\build\layouts\withLayoutContext.js:151:57)
  Object.callComponentInDEV [as react-stack-bottom-frame] (D:\STUDY\game\my ziyan LifeOS\LifeOS\node_modules\react-dom\cjs\react-dom-server-legacy.node.development.js:8970:18)
  renderWithHooks (D:\STUDY\game\my ziyan LifeOS\LifeOS\node_modules\react-dom\cjs\react-dom-server-legacy.node.development.js:4699:19)
  run (D:\STUDY\game\my ziyan LifeOS\LifeOS\node_modules\react-dom\cjs\react-dom-server-legacy.node.development.js:5539:39)
  retryNode (D:\STUDY\game\my ziyan LifeOS\LifeOS\node_modules\react-dom\cjs\react-dom-server-legacy.node.development.js:5899:31)
λ  WARN  props.pointerEvents is deprecated. Use style.pointerEvents 
  console.warn (D:\STUDY\game\my ziyan LifeOS\LifeOS\node_modules\expo\node_modules\@expo\cli\src\start\server\serverLogLikeMetro.ts:161:21)
  warnOnce (D:\STUDY\game\my ziyan LifeOS\LifeOS\node_modules\react-native-web\dist\modules\warnOnce\index.js:24:13)
  createDOMProps (D:\STUDY\game\my ziyan LifeOS\LifeOS\node_modules\react-native-web\dist\modules\createDOMProps\index.js:805:13)
  createElement (D:\STUDY\game\my ziyan LifeOS\LifeOS\node_modules\react-native-web\dist\exports\createElement\index.js:23:32)
  Component (D:\STUDY\game\my ziyan LifeOS\LifeOS\node_modules\react-native-web\dist\exports\View\index.js:111:23)
  Object.callComponentInDEV [as react-stack-bottom-frame] (D:\STUDY\game\my ziyan LifeOS\LifeOS\node_modules\react-dom\cjs\react-dom-server-legacy.node.development.js:8970:18)
  renderWithHooks (D:\STUDY\game\my ziyan LifeOS\LifeOS\node_modules\react-dom\cjs\react-dom-server-legacy.node.development.js:4699:19)
  run (D:\STUDY\game\my ziyan LifeOS\LifeOS\node_modules\react-dom\cjs\react-dom-server-legacy.node.development.js:5539:39)
  retryNode (D:\STUDY\game\my ziyan LifeOS\LifeOS\node_modules\react-dom\cjs\react-dom-server-legacy.node.development.js:5899:31)
  renderNodeDestructive (D:\STUDY\game\my ziyan LifeOS\LifeOS\node_modules\react-dom\cjs\react-dom-server-legacy.node.development.js:5849:11)
Error: Cannot pipe to a closed or destroyed stream
    at pipelineImpl (node:internal/streams/pipeline:264:15)
    at node:stream/promises:31:5
    at new Promise (<anonymous>)
    at pipeline (node:stream/promises:20:10)
    at respond (D:\STUDY\game\my ziyan LifeOS\LifeOS\node_modules\expo-server\src\vendor\http.ts:138:19)
    at D:\STUDY\game\my ziyan LifeOS\LifeOS\node_modules\expo-server\src\vendor\http.ts:68:13
    at processTicksAndRejections (node:internal/process/task_queues:104:5)
"shadow*" style props are deprecated. Use "boxShadow".
λ  WARN  [Layout children]: No route named "ai" exists in nested children: [ 'ai/index', 'game', 'lab', 'settings/index', 'tools' ] 
  console.warn (D:\STUDY\game\my ziyan LifeOS\LifeOS\node_modules\expo\node_modules\@expo\cli\src\start\server\serverLogLikeMetro.ts:161:21)
  map (D:\STUDY\game\my ziyan LifeOS\LifeOS\node_modules\expo-router\build\useScreens.js:69:21)
  getSortedChildren (D:\STUDY\game\my ziyan LifeOS\LifeOS\node_modules\expo-router\build\useScreens.js:62:10)
  useSortedScreens (D:\STUDY\game\my ziyan LifeOS\LifeOS\node_modules\expo-router\build\useScreens.js:121:38)
  Component (D:\STUDY\game\my ziyan LifeOS\LifeOS\node_modules\expo-router\build\layouts\withLayoutContext.js:151:57)
  Object.callComponentInDEV [as react-stack-bottom-frame] (D:\STUDY\game\my ziyan LifeOS\LifeOS\node_modules\react-dom\cjs\react-dom-server-legacy.node.development.js:8970:18)
  renderWithHooks (D:\STUDY\game\my ziyan LifeOS\LifeOS\node_modules\react-dom\cjs\react-dom-server-legacy.node.development.js:4699:19)
  run (D:\STUDY\game\my ziyan LifeOS\LifeOS\node_modules\react-dom\cjs\react-dom-server-legacy.node.development.js:5539:39)
  retryNode (D:\STUDY\game\my ziyan LifeOS\LifeOS\node_modules\react-dom\cjs\react-dom-server-legacy.node.development.js:5899:31)
λ  WARN  [Layout children]: No route named "settings" exists in nested children: [ 'ai/index', 'game', 'lab', 'settings/index', 'tools' ] 
  console.warn (D:\STUDY\game\my ziyan LifeOS\LifeOS\node_modules\expo\node_modules\@expo\cli\src\start\server\serverLogLikeMetro.ts:161:21)
  map (D:\STUDY\game\my ziyan LifeOS\LifeOS\node_modules\expo-router\build\useScreens.js:69:21)
  getSortedChildren (D:\STUDY\game\my ziyan LifeOS\LifeOS\node_modules\expo-router\build\useScreens.js:62:10)
  useSortedScreens (D:\STUDY\game\my ziyan LifeOS\LifeOS\node_modules\expo-router\build\useScreens.js:121:38)
  Component (D:\STUDY\game\my ziyan LifeOS\LifeOS\node_modules\expo-router\build\layouts\withLayoutContext.js:151:57)
  Object.callComponentInDEV [as react-stack-bottom-frame] (D:\STUDY\game\my ziyan LifeOS\LifeOS\node_modules\react-dom\cjs\react-dom-server-legacy.node.development.js:8970:18)
  renderWithHooks (D:\STUDY\game\my ziyan LifeOS\LifeOS\node_modules\react-dom\cjs\react-dom-server-legacy.node.development.js:4699:19)
  run (D:\STUDY\game\my ziyan LifeOS\LifeOS\node_modules\react-dom\cjs\react-dom-server-legacy.node.development.js:5539:39)
  retryNode (D:\STUDY\game\my ziyan LifeOS\LifeOS\node_modules\react-dom\cjs\react-dom-server-legacy.node.development.js:5899:31)
λ  WARN  props.pointerEvents is deprecated. Use style.pointerEvents 
  console.warn (D:\STUDY\game\my ziyan LifeOS\LifeOS\node_modules\expo\node_modules\@expo\cli\src\start\server\serverLogLikeMetro.ts:161:21)
  warnOnce (D:\STUDY\game\my ziyan LifeOS\LifeOS\node_modules\react-native-web\dist\modules\warnOnce\index.js:24:13)
  createDOMProps (D:\STUDY\game\my ziyan LifeOS\LifeOS\node_modules\react-native-web\dist\modules\createDOMProps\index.js:805:13)
  createElement (D:\STUDY\game\my ziyan LifeOS\LifeOS\node_modules\react-native-web\dist\exports\createElement\index.js:23:32)
  Component (D:\STUDY\game\my ziyan LifeOS\LifeOS\node_modules\react-native-web\dist\exports\View\index.js:111:23)
  Object.callComponentInDEV [as react-stack-bottom-frame] (D:\STUDY\game\my ziyan LifeOS\LifeOS\node_modules\react-dom\cjs\react-dom-server-legacy.node.development.js:8970:18)
  renderWithHooks (D:\STUDY\game\my ziyan LifeOS\LifeOS\node_modules\react-dom\cjs\react-dom-server-legacy.node.development.js:4699:19)
  run (D:\STUDY\game\my ziyan LifeOS\LifeOS\node_modules\react-dom\cjs\react-dom-server-legacy.node.development.js:5539:39)
  retryNode (D:\STUDY\game\my ziyan LifeOS\LifeOS\node_modules\react-dom\cjs\react-dom-server-legacy.node.development.js:5899:31)
  renderNodeDestructive (D:\STUDY\game\my ziyan LifeOS\LifeOS\node_modules\react-dom\cjs\react-dom-server-legacy.node.development.js:5849:11)
"shadow*" style props are deprecated. Use "boxShadow".
λ  WARN  [Layout children]: No route named "ai" exists in nested children: [ 'ai/index', 'game', 'lab', 'settings/index', 'tools' ] 
  console.warn (D:\STUDY\game\my ziyan LifeOS\LifeOS\node_modules\expo\node_modules\@expo\cli\src\start\server\serverLogLikeMetro.ts:161:21)
  map (D:\STUDY\game\my ziyan LifeOS\LifeOS\node_modules\expo-router\build\useScreens.js:69:21)
  getSortedChildren (D:\STUDY\game\my ziyan LifeOS\LifeOS\node_modules\expo-router\build\useScreens.js:62:10)
  useSortedScreens (D:\STUDY\game\my ziyan LifeOS\LifeOS\node_modules\expo-router\build\useScreens.js:121:38)
  Component (D:\STUDY\game\my ziyan LifeOS\LifeOS\node_modules\expo-router\build\layouts\withLayoutContext.js:151:57)
  Object.callComponentInDEV [as react-stack-bottom-frame] (D:\STUDY\game\my ziyan LifeOS\LifeOS\node_modules\react-dom\cjs\react-dom-server-legacy.node.development.js:8970:18)
  renderWithHooks (D:\STUDY\game\my ziyan LifeOS\LifeOS\node_modules\react-dom\cjs\react-dom-server-legacy.node.development.js:4699:19)
  run (D:\STUDY\game\my ziyan LifeOS\LifeOS\node_modules\react-dom\cjs\react-dom-server-legacy.node.development.js:5539:39)
  retryNode (D:\STUDY\game\my ziyan LifeOS\LifeOS\node_modules\react-dom\cjs\react-dom-server-legacy.node.development.js:5899:31)
λ  WARN  [Layout children]: No route named "settings" exists in nested children: [ 'ai/index', 'game', 'lab', 'settings/index', 'tools' ] 
  console.warn (D:\STUDY\game\my ziyan LifeOS\LifeOS\node_modules\expo\node_modules\@expo\cli\src\start\server\serverLogLikeMetro.ts:161:21)
  map (D:\STUDY\game\my ziyan LifeOS\LifeOS\node_modules\expo-router\build\useScreens.js:69:21)
  getSortedChildren (D:\STUDY\game\my ziyan LifeOS\LifeOS\node_modules\expo-router\build\useScreens.js:62:10)
  useSortedScreens (D:\STUDY\game\my ziyan LifeOS\LifeOS\node_modules\expo-router\build\useScreens.js:121:38)
  Component (D:\STUDY\game\my ziyan LifeOS\LifeOS\node_modules\expo-router\build\layouts\withLayoutContext.js:151:57)
  Object.callComponentInDEV [as react-stack-bottom-frame] (D:\STUDY\game\my ziyan LifeOS\LifeOS\node_modules\react-dom\cjs\react-dom-server-legacy.node.development.js:8970:18)
  renderWithHooks (D:\STUDY\game\my ziyan LifeOS\LifeOS\node_modules\react-dom\cjs\react-dom-server-legacy.node.development.js:4699:19)
  run (D:\STUDY\game\my ziyan LifeOS\LifeOS\node_modules\react-dom\cjs\react-dom-server-legacy.node.development.js:5539:39)
  retryNode (D:\STUDY\game\my ziyan LifeOS\LifeOS\node_modules\react-dom\cjs\react-dom-server-legacy.node.development.js:5899:31)
λ  WARN  props.pointerEvents is deprecated. Use style.pointerEvents 
  console.warn (D:\STUDY\game\my ziyan LifeOS\LifeOS\node_modules\expo\node_modules\@expo\cli\src\start\server\serverLogLikeMetro.ts:161:21)
  warnOnce (D:\STUDY\game\my ziyan LifeOS\LifeOS\node_modules\react-native-web\dist\modules\warnOnce\index.js:24:13)
  createDOMProps (D:\STUDY\game\my ziyan LifeOS\LifeOS\node_modules\react-native-web\dist\modules\createDOMProps\index.js:805:13)
  createElement (D:\STUDY\game\my ziyan LifeOS\LifeOS\node_modules\react-native-web\dist\exports\createElement\index.js:23:32)
  Component (D:\STUDY\game\my ziyan LifeOS\LifeOS\node_modules\react-native-web\dist\exports\View\index.js:111:23)
  Object.callComponentInDEV [as react-stack-bottom-frame] (D:\STUDY\game\my ziyan LifeOS\LifeOS\node_modules\react-dom\cjs\react-dom-server-legacy.node.development.js:8970:18)
  renderWithHooks (D:\STUDY\game\my ziyan LifeOS\LifeOS\node_modules\react-dom\cjs\react-dom-server-legacy.node.development.js:4699:19)
  run (D:\STUDY\game\my ziyan LifeOS\LifeOS\node_modules\react-dom\cjs\react-dom-server-legacy.node.development.js:5539:39)
  retryNode (D:\STUDY\game\my ziyan LifeOS\LifeOS\node_modules\react-dom\cjs\react-dom-server-legacy.node.development.js:5899:31)
  renderNodeDestructive (D:\STUDY\game\my ziyan LifeOS\LifeOS\node_modules\react-dom\cjs\react-dom-server-legacy.node.development.js:5849:11)
"shadow*" style props are deprecated. Use "boxShadow".
λ  WARN  [Layout children]: No route named "ai" exists in nested children: [ 'ai/index', 'game', 'lab', 'settings/index', 'tools' ] 
  console.warn (D:\STUDY\game\my ziyan LifeOS\LifeOS\node_modules\expo\node_modules\@expo\cli\src\start\server\serverLogLikeMetro.ts:161:21)
  map (D:\STUDY\game\my ziyan LifeOS\LifeOS\node_modules\expo-router\build\useScreens.js:69:21)
  getSortedChildren (D:\STUDY\game\my ziyan LifeOS\LifeOS\node_modules\expo-router\build\useScreens.js:62:10)
  useSortedScreens (D:\STUDY\game\my ziyan LifeOS\LifeOS\node_modules\expo-router\build\useScreens.js:121:38)
  Component (D:\STUDY\game\my ziyan LifeOS\LifeOS\node_modules\expo-router\build\layouts\withLayoutContext.js:151:57)
  Object.callComponentInDEV [as react-stack-bottom-frame] (D:\STUDY\game\my ziyan LifeOS\LifeOS\node_modules\react-dom\cjs\react-dom-server-legacy.node.development.js:8970:18)
  renderWithHooks (D:\STUDY\game\my ziyan LifeOS\LifeOS\node_modules\react-dom\cjs\react-dom-server-legacy.node.development.js:4699:19)
  run (D:\STUDY\game\my ziyan LifeOS\LifeOS\node_modules\react-dom\cjs\react-dom-server-legacy.node.development.js:5539:39)
  retryNode (D:\STUDY\game\my ziyan LifeOS\LifeOS\node_modules\react-dom\cjs\react-dom-server-legacy.node.development.js:5899:31)
λ  WARN  [Layout children]: No route named "settings" exists in nested children: [ 'ai/index', 'game', 'lab', 'settings/index', 'tools' ] 
  console.warn (D:\STUDY\game\my ziyan LifeOS\LifeOS\node_modules\expo\node_modules\@expo\cli\src\start\server\serverLogLikeMetro.ts:161:21)
  map (D:\STUDY\game\my ziyan LifeOS\LifeOS\node_modules\expo-router\build\useScreens.js:69:21)
  getSortedChildren (D:\STUDY\game\my ziyan LifeOS\LifeOS\node_modules\expo-router\build\useScreens.js:62:10)
  useSortedScreens (D:\STUDY\game\my ziyan LifeOS\LifeOS\node_modules\expo-router\build\useScreens.js:121:38)
  Component (D:\STUDY\game\my ziyan LifeOS\LifeOS\node_modules\expo-router\build\layouts\withLayoutContext.js:151:57)
  Object.callComponentInDEV [as react-stack-bottom-frame] (D:\STUDY\game\my ziyan LifeOS\LifeOS\node_modules\react-dom\cjs\react-dom-server-legacy.node.development.js:8970:18)
  renderWithHooks (D:\STUDY\game\my ziyan LifeOS\LifeOS\node_modules\react-dom\cjs\react-dom-server-legacy.node.development.js:4699:19)
  run (D:\STUDY\game\my ziyan LifeOS\LifeOS\node_modules\react-dom\cjs\react-dom-server-legacy.node.development.js:5539:39)
  retryNode (D:\STUDY\game\my ziyan LifeOS\LifeOS\node_modules\react-dom\cjs\react-dom-server-legacy.node.development.js:5899:31)
λ  WARN  props.pointerEvents is deprecated. Use style.pointerEvents 
  console.warn (D:\STUDY\game\my ziyan LifeOS\LifeOS\node_modules\expo\node_modules\@expo\cli\src\start\server\serverLogLikeMetro.ts:161:21)
  warnOnce (D:\STUDY\game\my ziyan LifeOS\LifeOS\node_modules\react-native-web\dist\modules\warnOnce\index.js:24:13)
  createDOMProps (D:\STUDY\game\my ziyan LifeOS\LifeOS\node_modules\react-native-web\dist\modules\createDOMProps\index.js:805:13)
  createElement (D:\STUDY\game\my ziyan LifeOS\LifeOS\node_modules\react-native-web\dist\exports\createElement\index.js:23:32)
  Component (D:\STUDY\game\my ziyan LifeOS\LifeOS\node_modules\react-native-web\dist\exports\View\index.js:111:23)
  Object.callComponentInDEV [as react-stack-bottom-frame] (D:\STUDY\game\my ziyan LifeOS\LifeOS\node_modules\react-dom\cjs\react-dom-server-legacy.node.development.js:8970:18)
  renderWithHooks (D:\STUDY\game\my ziyan LifeOS\LifeOS\node_modules\react-dom\cjs\react-dom-server-legacy.node.development.js:4699:19)
  run (D:\STUDY\game\my ziyan LifeOS\LifeOS\node_modules\react-dom\cjs\react-dom-server-legacy.node.development.js:5539:39)
  retryNode (D:\STUDY\game\my ziyan LifeOS\LifeOS\node_modules\react-dom\cjs\react-dom-server-legacy.node.development.js:5899:31)
  renderNodeDestructive (D:\STUDY\game\my ziyan LifeOS\LifeOS\node_modules\react-dom\cjs\react-dom-server-legacy.node.development.js:5849:11)
